2023-12-20 14:54:21.6142|Microsoft.AspNetCore.Mvc.ModelBinding.ModelBinderFactory|DEBUG|Registered model binder providers, in the following order: Microsoft.AspNetCore.Mvc.ModelBinding.Binders.BinderTypeModelBinderProvider, Microsoft.AspNetCore.Mvc.ModelBinding.Binders.ServicesModelBinderProvider, Microsoft.AspNetCore.Mvc.ModelBinding.Binders.BodyModelBinderProvider, Microsoft.AspNetCore.Mvc.ModelBinding.Binders.HeaderModelBinderProvider, Microsoft.AspNetCore.Mvc.ModelBinding.Binders.FloatingPointTypeModelBinderProvider, Microsoft.AspNetCore.Mvc.ModelBinding.Binders.EnumTypeModelBinderProvider, Microsoft.AspNetCore.Mvc.ModelBinding.Binders.DateTimeModelBinderProvider, Microsoft.AspNetCore.Mvc.ModelBinding.Binders.SimpleTypeModelBinderProvider, Microsoft.AspNetCore.Mvc.ModelBinding.Binders.CancellationTokenModelBinderProvider, Microsoft.AspNetCore.Mvc.ModelBinding.Binders.ByteArrayModelBinderProvider, Microsoft.AspNetCore.Mvc.ModelBinding.Binders.FormFileModelBinderProvider, Microsoft.AspNetCore.Mvc.ModelBinding.Binders.FormCollectionModelBinderProvider, Microsoft.AspNetCore.Mvc.ModelBinding.Binders.KeyValuePairModelBinderProvider, Microsoft.AspNetCore.Mvc.ModelBinding.Binders.DictionaryModelBinderProvider, Microsoft.AspNetCore.Mvc.ModelBinding.Binders.ArrayModelBinderProvider, Microsoft.AspNetCore.Mvc.ModelBinding.Binders.CollectionModelBinderProvider, Microsoft.AspNetCore.Mvc.ModelBinding.Binders.ComplexObjectModelBinderProvider 
2023-12-20 14:54:21.7548|Microsoft.Extensions.Hosting.Internal.Host|DEBUG|Hosting starting 
2023-12-20 14:54:22.4917|Microsoft.AspNetCore.Server.Kestrel.Core.KestrelServer|DEBUG|Using development certificate: CN=localhost (Thumbprint: 98386B52ABDC9D26CCAE00A7DA05EA2ED4C5BB4A) 
2023-12-20 14:54:22.5548|Microsoft.Hosting.Lifetime|INFO|Now listening on: https://localhost:7255 
2023-12-20 14:54:22.5548|Microsoft.Hosting.Lifetime|INFO|Now listening on: http://localhost:5142 
2023-12-20 14:54:22.5548|Microsoft.AspNetCore.Hosting.Diagnostics|DEBUG|Loaded hosting startup assembly demo 
2023-12-20 14:54:22.5548|Microsoft.AspNetCore.Hosting.Diagnostics|DEBUG|Loaded hosting startup assembly Microsoft.AspNetCore.Watch.BrowserRefresh 
2023-12-20 14:54:22.5548|Microsoft.AspNetCore.Hosting.Diagnostics|DEBUG|Loaded hosting startup assembly Microsoft.WebTools.BrowserLink.Net 
2023-12-20 14:54:22.5640|Microsoft.Hosting.Lifetime|INFO|Application started. Press Ctrl+C to shut down. 
2023-12-20 14:54:22.5640|Microsoft.Hosting.Lifetime|INFO|Hosting environment: Development 
2023-12-20 14:54:22.5640|Microsoft.Hosting.Lifetime|INFO|Content root path: E:\C#学习项目\.NET6-Core-WebApi\WebApplic\demo\ 
2023-12-20 14:54:22.5640|Microsoft.Extensions.Hosting.Internal.Host|DEBUG|Hosting started 
2023-12-20 14:54:22.8454|Microsoft.AspNetCore.Server.Kestrel.Connections|DEBUG|Connection id "0HN0151VN8K14" accepted. 
2023-12-20 14:54:22.8454|Microsoft.AspNetCore.Server.Kestrel.Connections|DEBUG|Connection id "0HN0151VN8K14" started. 
2023-12-20 14:54:22.9121|Microsoft.AspNetCore.Server.Kestrel.Connections|DEBUG|Connection id "0HN0151VN8K15" accepted. 
2023-12-20 14:54:22.9121|Microsoft.AspNetCore.Server.Kestrel.Connections|DEBUG|Connection id "0HN0151VN8K15" started. 
2023-12-20 14:54:25.3327|Microsoft.AspNetCore.Server.Kestrel.Connections|DEBUG|Connection id "0HN0151VN8K16" accepted. 
2023-12-20 14:54:25.3327|Microsoft.AspNetCore.Server.Kestrel.Connections|DEBUG|Connection id "0HN0151VN8K16" started. 
2023-12-20 14:54:25.4093|Microsoft.AspNetCore.Server.Kestrel.Https.Internal.HttpsConnectionMiddleware|DEBUG|Connection 0HN0151VN8K16 established using the following protocol: Tls12 
2023-12-20 14:54:25.4288|Microsoft.AspNetCore.Server.Kestrel.Http2|TRACE|Connection id "0HN0151VN8K16" sending SETTINGS frame for stream ID 0 with length 18 and flags NONE. 
2023-12-20 14:54:25.4288|Microsoft.AspNetCore.Server.Kestrel.Http2|TRACE|Connection id "0HN0151VN8K16" sending WINDOW_UPDATE frame for stream ID 0 with length 4 and flags 0x0. 
2023-12-20 14:54:25.4288|Microsoft.AspNetCore.Server.Kestrel.Http2|TRACE|Connection id "0HN0151VN8K16" received SETTINGS frame for stream ID 0 with length 24 and flags NONE. 
2023-12-20 14:54:25.4288|Microsoft.AspNetCore.Server.Kestrel.Http2|TRACE|Connection id "0HN0151VN8K16" sending SETTINGS frame for stream ID 0 with length 0 and flags ACK. 
2023-12-20 14:54:25.4288|Microsoft.AspNetCore.Server.Kestrel.Http2|TRACE|Connection id "0HN0151VN8K16" received WINDOW_UPDATE frame for stream ID 0 with length 4 and flags 0x0. 
2023-12-20 14:54:25.4288|Microsoft.AspNetCore.Server.Kestrel.Http2|TRACE|Connection id "0HN0151VN8K16" received HEADERS frame for stream ID 1 with length 449 and flags END_STREAM, END_HEADERS, PRIORITY. 
2023-12-20 14:54:25.4691|Microsoft.AspNetCore.Server.Kestrel.Http2|TRACE|Connection id "0HN0151VN8K16" received SETTINGS frame for stream ID 0 with length 0 and flags ACK. 
2023-12-20 14:54:25.4931|Microsoft.AspNetCore.Hosting.Diagnostics|INFO|Request starting HTTP/2 GET https://localhost:7255/swagger - - 
2023-12-20 14:54:25.8866|Microsoft.AspNetCore.HostFiltering.HostFilteringMiddleware|DEBUG|Wildcard detected, all requests with hosts will be allowed. 
2023-12-20 14:54:25.8866|Microsoft.AspNetCore.HostFiltering.HostFilteringMiddleware|TRACE|All hosts are allowed. 
2023-12-20 14:54:25.9344|Microsoft.AspNetCore.Routing.Matching.DfaMatcher|DEBUG|No candidates found for the request path '/swagger' 
2023-12-20 14:54:25.9344|Microsoft.AspNetCore.Routing.EndpointRoutingMiddleware|DEBUG|Request did not match any endpoints 
2023-12-20 14:54:26.3123|Microsoft.AspNetCore.Server.Kestrel.Http2|TRACE|Connection id "0HN0151VN8K16" sending HEADERS frame for stream ID 1 with length 69 and flags END_STREAM, END_HEADERS. 
2023-12-20 14:54:26.3208|Microsoft.AspNetCore.Hosting.Diagnostics|INFO|Request finished HTTP/2 GET https://localhost:7255/swagger - - - 301 0 - 831.3572ms 
2023-12-20 14:54:26.3208|Microsoft.AspNetCore.Server.Kestrel.Http2|TRACE|Connection id "0HN0151VN8K16" received HEADERS frame for stream ID 3 with length 36 and flags END_STREAM, END_HEADERS, PRIORITY. 
2023-12-20 14:54:26.3208|Microsoft.AspNetCore.Hosting.Diagnostics|INFO|Request starting HTTP/2 GET https://localhost:7255/swagger/index.html - - 
2023-12-20 14:54:26.3208|Microsoft.AspNetCore.HostFiltering.HostFilteringMiddleware|TRACE|All hosts are allowed. 
2023-12-20 14:54:26.3208|Microsoft.AspNetCore.Routing.Matching.DfaMatcher|DEBUG|No candidates found for the request path '/swagger/index.html' 
2023-12-20 14:54:26.3208|Microsoft.AspNetCore.Routing.EndpointRoutingMiddleware|DEBUG|Request did not match any endpoints 
2023-12-20 14:54:26.4862|Microsoft.AspNetCore.Watch.BrowserRefresh.BrowserRefreshMiddleware|DEBUG|Response markup is scheduled to include browser refresh script injection. 
2023-12-20 14:54:26.4862|Microsoft.AspNetCore.Server.Kestrel.Http2|TRACE|Connection id "0HN0151VN8K16" sending HEADERS frame for stream ID 3 with length 28 and flags END_HEADERS. 
2023-12-20 14:54:26.5046|Microsoft.AspNetCore.Server.Kestrel.Http2|TRACE|Connection id "0HN0151VN8K16" sending DATA frame for stream ID 3 with length 4096 and flags NONE. 
2023-12-20 14:54:26.5046|Microsoft.AspNetCore.Server.Kestrel.Http2|TRACE|Connection id "0HN0151VN8K16" sending DATA frame for stream ID 3 with length 627 and flags NONE. 
2023-12-20 14:54:26.5046|Microsoft.AspNetCore.Server.Kestrel.Http2|TRACE|Connection id "0HN0151VN8K16" sending DATA frame for stream ID 3 with length 357 and flags NONE. 
2023-12-20 14:54:26.5046|Microsoft.AspNetCore.Server.Kestrel.Http2|TRACE|Connection id "0HN0151VN8K16" sending DATA frame for stream ID 3 with length 65 and flags NONE. 
2023-12-20 14:54:26.5046|Microsoft.AspNetCore.Server.Kestrel.Http2|TRACE|Connection id "0HN0151VN8K16" sending DATA frame for stream ID 3 with length 16 and flags NONE. 
2023-12-20 14:54:26.5046|Microsoft.AspNetCore.Watch.BrowserRefresh.BrowserRefreshMiddleware|DEBUG|Response markup was updated to include browser refresh script injection. 
2023-12-20 14:54:26.5046|Microsoft.AspNetCore.Server.Kestrel.Http2|TRACE|Connection id "0HN0151VN8K16" sending DATA frame for stream ID 3 with length 0 and flags END_STREAM. 
2023-12-20 14:54:26.5046|Microsoft.AspNetCore.Hosting.Diagnostics|INFO|Request finished HTTP/2 GET https://localhost:7255/swagger/index.html - - - 200 - text/html;charset=utf-8 183.6057ms 
2023-12-20 14:54:26.5046|Microsoft.AspNetCore.Server.Kestrel.Http2|TRACE|Connection id "0HN0151VN8K16" received HEADERS frame for stream ID 5 with length 107 and flags END_STREAM, END_HEADERS, PRIORITY. 
2023-12-20 14:54:26.5197|Microsoft.AspNetCore.Server.Kestrel.Http2|TRACE|Connection id "0HN0151VN8K16" received HEADERS frame for stream ID 7 with length 52 and flags END_STREAM, END_HEADERS, PRIORITY. 
2023-12-20 14:54:26.5197|Microsoft.AspNetCore.Hosting.Diagnostics|INFO|Request starting HTTP/2 GET https://localhost:7255/swagger/swagger-ui.css - - 
2023-12-20 14:54:26.5197|Microsoft.AspNetCore.HostFiltering.HostFilteringMiddleware|TRACE|All hosts are allowed. 
2023-12-20 14:54:26.5197|Microsoft.AspNetCore.Routing.Matching.DfaMatcher|DEBUG|No candidates found for the request path '/swagger/swagger-ui.css' 
2023-12-20 14:54:26.5197|Microsoft.AspNetCore.Routing.EndpointRoutingMiddleware|DEBUG|Request did not match any endpoints 
2023-12-20 14:54:26.5197|Microsoft.AspNetCore.Server.Kestrel.Http2|TRACE|Connection id "0HN0151VN8K16" received HEADERS frame for stream ID 9 with length 50 and flags END_STREAM, END_HEADERS, PRIORITY. 
2023-12-20 14:54:26.5197|Microsoft.AspNetCore.Hosting.Diagnostics|INFO|Request starting HTTP/2 GET https://localhost:7255/swagger/swagger-ui-bundle.js - - 
2023-12-20 14:54:26.5197|Microsoft.AspNetCore.HostFiltering.HostFilteringMiddleware|TRACE|All hosts are allowed. 
2023-12-20 14:54:26.5197|Microsoft.AspNetCore.Routing.Matching.DfaMatcher|DEBUG|No candidates found for the request path '/swagger/swagger-ui-bundle.js' 
2023-12-20 14:54:26.5197|Microsoft.AspNetCore.Hosting.Diagnostics|INFO|Request starting HTTP/2 GET https://localhost:7255/swagger/swagger-ui-standalone-preset.js - - 
2023-12-20 14:54:26.5197|Microsoft.AspNetCore.Server.Kestrel.Http2|TRACE|Connection id "0HN0151VN8K16" received HEADERS frame for stream ID 11 with length 51 and flags END_STREAM, END_HEADERS, PRIORITY. 
2023-12-20 14:54:26.5197|Microsoft.AspNetCore.HostFiltering.HostFilteringMiddleware|TRACE|All hosts are allowed. 
2023-12-20 14:54:26.5197|Microsoft.AspNetCore.Routing.EndpointRoutingMiddleware|DEBUG|Request did not match any endpoints 
2023-12-20 14:54:26.5197|Microsoft.AspNetCore.Routing.Matching.DfaMatcher|DEBUG|No candidates found for the request path '/swagger/swagger-ui-standalone-preset.js' 
2023-12-20 14:54:26.5197|Microsoft.AspNetCore.Routing.EndpointRoutingMiddleware|DEBUG|Request did not match any endpoints 
2023-12-20 14:54:26.5197|Microsoft.AspNetCore.Hosting.Diagnostics|INFO|Request starting HTTP/2 GET https://localhost:7255/_framework/aspnetcore-browser-refresh.js - - 
2023-12-20 14:54:26.5197|Microsoft.AspNetCore.StaticFiles.StaticFileMiddleware|TRACE|Range header's value is empty. 
2023-12-20 14:54:26.5197|Microsoft.AspNetCore.StaticFiles.StaticFileMiddleware|TRACE|Range header's value is empty. 
2023-12-20 14:54:26.5197|Microsoft.AspNetCore.StaticFiles.StaticFileMiddleware|TRACE|Range header's value is empty. 
2023-12-20 14:54:26.5197|Microsoft.AspNetCore.Server.Kestrel.Http2|TRACE|Connection id "0HN0151VN8K16" sending HEADERS frame for stream ID 11 with length 60 and flags END_HEADERS. 
2023-12-20 14:54:26.5197|Microsoft.AspNetCore.Server.Kestrel.Http2|TRACE|Connection id "0HN0151VN8K16" sending DATA frame for stream ID 11 with length 13744 and flags NONE. 
2023-12-20 14:54:26.5197|Microsoft.AspNetCore.Server.Kestrel.Http2|TRACE|Connection id "0HN0151VN8K16" sending DATA frame for stream ID 11 with length 0 and flags END_STREAM. 
2023-12-20 14:54:26.5197|Microsoft.AspNetCore.Hosting.Diagnostics|INFO|Request finished HTTP/2 GET https://localhost:7255/_framework/aspnetcore-browser-refresh.js - - - 200 13744 application/javascript;+charset=utf-8 4.5258ms 
2023-12-20 14:54:26.5197|Microsoft.AspNetCore.Server.Kestrel.Http2|TRACE|Connection id "0HN0151VN8K16" received HEADERS frame for stream ID 13 with length 33 and flags END_STREAM, END_HEADERS, PRIORITY. 
2023-12-20 14:54:26.5197|Microsoft.AspNetCore.Hosting.Diagnostics|INFO|Request starting HTTP/2 GET https://localhost:7255/_vs/browserLink - - 
2023-12-20 14:54:26.5758|Microsoft.AspNetCore.Server.Kestrel.Http2|TRACE|Connection id "0HN0151VN8K16" sending HEADERS frame for stream ID 7 with length 94 and flags END_HEADERS. 
2023-12-20 14:54:26.5758|Microsoft.AspNetCore.Server.Kestrel.Http2|TRACE|Connection id "0HN0151VN8K16" sending DATA frame for stream ID 7 with length 16384 and flags NONE. 
2023-12-20 14:54:26.5758|Microsoft.AspNetCore.Server.Kestrel.Http2|TRACE|Connection id "0HN0151VN8K16" sending DATA frame for stream ID 7 with length 16384 and flags NONE. 
2023-12-20 14:54:26.5758|Microsoft.AspNetCore.Server.Kestrel.Http2|TRACE|Connection id "0HN0151VN8K16" sending DATA frame for stream ID 7 with length 16384 and flags NONE. 
2023-12-20 14:54:26.5758|Microsoft.AspNetCore.Server.Kestrel.Http2|TRACE|Connection id "0HN0151VN8K16" sending DATA frame for stream ID 7 with length 16384 and flags NONE. 
2023-12-20 14:54:26.5903|Microsoft.AspNetCore.Server.Kestrel.Http2|TRACE|Connection id "0HN0151VN8K16" sending HEADERS frame for stream ID 5 with length 43 and flags END_HEADERS. 
2023-12-20 14:54:26.5903|Microsoft.AspNetCore.Server.Kestrel.Http2|TRACE|Connection id "0HN0151VN8K16" sending DATA frame for stream ID 5 with length 16384 and flags NONE. 
2023-12-20 14:54:26.5903|Microsoft.AspNetCore.Server.Kestrel.Http2|TRACE|Connection id "0HN0151VN8K16" sending DATA frame for stream ID 5 with length 16384 and flags NONE. 
2023-12-20 14:54:26.5903|Microsoft.AspNetCore.Server.Kestrel.Http2|TRACE|Connection id "0HN0151VN8K16" sending DATA frame for stream ID 5 with length 16384 and flags NONE. 
2023-12-20 14:54:26.5903|Microsoft.AspNetCore.Server.Kestrel.Http2|TRACE|Connection id "0HN0151VN8K16" sending DATA frame for stream ID 5 with length 16384 and flags NONE. 
2023-12-20 14:54:26.5903|Microsoft.AspNetCore.Server.Kestrel.Http2|TRACE|Connection id "0HN0151VN8K16" sending HEADERS frame for stream ID 9 with length 34 and flags END_HEADERS. 
2023-12-20 14:54:26.5903|Microsoft.AspNetCore.Server.Kestrel.Http2|TRACE|Connection id "0HN0151VN8K16" sending DATA frame for stream ID 9 with length 16384 and flags NONE. 
2023-12-20 14:54:26.5903|Microsoft.AspNetCore.Server.Kestrel.Http2|TRACE|Connection id "0HN0151VN8K16" sending DATA frame for stream ID 9 with length 16384 and flags NONE. 
2023-12-20 14:54:26.5903|Microsoft.AspNetCore.Server.Kestrel.Http2|TRACE|Connection id "0HN0151VN8K16" sending DATA frame for stream ID 9 with length 16384 and flags NONE. 
2023-12-20 14:54:26.5903|Microsoft.AspNetCore.Server.Kestrel.Http2|TRACE|Connection id "0HN0151VN8K16" sending DATA frame for stream ID 9 with length 16384 and flags NONE. 
2023-12-20 14:54:26.6000|Microsoft.AspNetCore.Server.Kestrel.Http2|TRACE|Connection id "0HN0151VN8K16" sending DATA frame for stream ID 7 with length 16384 and flags NONE. 
2023-12-20 14:54:26.6000|Microsoft.AspNetCore.Server.Kestrel.Http2|TRACE|Connection id "0HN0151VN8K16" sending DATA frame for stream ID 7 with length 16384 and flags NONE. 
2023-12-20 14:54:26.6000|Microsoft.AspNetCore.Server.Kestrel.Http2|TRACE|Connection id "0HN0151VN8K16" sending DATA frame for stream ID 7 with length 16384 and flags NONE. 
2023-12-20 14:54:26.6000|Microsoft.AspNetCore.Server.Kestrel.Http2|TRACE|Connection id "0HN0151VN8K16" sending DATA frame for stream ID 7 with length 16384 and flags NONE. 
2023-12-20 14:54:26.6000|Microsoft.AspNetCore.Server.Kestrel.Http2|TRACE|Connection id "0HN0151VN8K16" sending DATA frame for stream ID 5 with length 16384 and flags NONE. 
2023-12-20 14:54:26.6000|Microsoft.AspNetCore.Server.Kestrel.Http2|TRACE|Connection id "0HN0151VN8K16" sending DATA frame for stream ID 5 with length 16384 and flags NONE. 
2023-12-20 14:54:26.6000|Microsoft.AspNetCore.Server.Kestrel.Http2|TRACE|Connection id "0HN0151VN8K16" sending DATA frame for stream ID 5 with length 16384 and flags NONE. 
2023-12-20 14:54:26.6000|Microsoft.AspNetCore.Server.Kestrel.Http2|TRACE|Connection id "0HN0151VN8K16" sending DATA frame for stream ID 5 with length 16384 and flags NONE. 
2023-12-20 14:54:26.6129|Microsoft.AspNetCore.Server.Kestrel.Http2|TRACE|Connection id "0HN0151VN8K16" sending DATA frame for stream ID 9 with length 16384 and flags NONE. 
2023-12-20 14:54:26.6129|Microsoft.AspNetCore.Server.Kestrel.Http2|TRACE|Connection id "0HN0151VN8K16" sending DATA frame for stream ID 9 with length 16384 and flags NONE. 
2023-12-20 14:54:26.6129|Microsoft.AspNetCore.Server.Kestrel.Http2|TRACE|Connection id "0HN0151VN8K16" sending DATA frame for stream ID 9 with length 16384 and flags NONE. 
2023-12-20 14:54:26.6129|Microsoft.AspNetCore.Server.Kestrel.Http2|TRACE|Connection id "0HN0151VN8K16" sending DATA frame for stream ID 9 with length 16384 and flags NONE. 
2023-12-20 14:54:26.6129|Microsoft.AspNetCore.Server.Kestrel.Http2|TRACE|Connection id "0HN0151VN8K16" sending DATA frame for stream ID 5 with length 13857 and flags NONE. 
2023-12-20 14:54:26.6297|Microsoft.AspNetCore.Server.Kestrel.Http2|TRACE|Connection id "0HN0151VN8K16" sending DATA frame for stream ID 7 with length 16384 and flags NONE. 
2023-12-20 14:54:26.6297|Microsoft.AspNetCore.Server.Kestrel.Http2|TRACE|Connection id "0HN0151VN8K16" sending DATA frame for stream ID 7 with length 16384 and flags NONE. 
2023-12-20 14:54:26.6297|Microsoft.AspNetCore.Server.Kestrel.Http2|TRACE|Connection id "0HN0151VN8K16" sending DATA frame for stream ID 7 with length 16384 and flags NONE. 
2023-12-20 14:54:26.6297|Microsoft.AspNetCore.Server.Kestrel.Http2|TRACE|Connection id "0HN0151VN8K16" sending DATA frame for stream ID 7 with length 16384 and flags NONE. 
2023-12-20 14:54:26.6549|Microsoft.AspNetCore.StaticFiles.StaticFileMiddleware|INFO|Sending file. Request path: '/swagger-ui.css'. Physical path: 'N/A' 
2023-12-20 14:54:26.6599|Microsoft.AspNetCore.Server.Kestrel.Http2|TRACE|Connection id "0HN0151VN8K16" sending DATA frame for stream ID 5 with length 0 and flags END_STREAM. 
2023-12-20 14:54:26.6599|Microsoft.AspNetCore.Hosting.Diagnostics|INFO|Request finished HTTP/2 GET https://localhost:7255/swagger/swagger-ui.css - - - 200 144929 text/css 140.2224ms 
2023-12-20 14:54:26.6754|Microsoft.AspNetCore.Server.Kestrel.Http2|TRACE|Connection id "0HN0151VN8K16" sending DATA frame for stream ID 9 with length 16384 and flags NONE. 
2023-12-20 14:54:26.6754|Microsoft.AspNetCore.Server.Kestrel.Http2|TRACE|Connection id "0HN0151VN8K16" sending DATA frame for stream ID 9 with length 16384 and flags NONE. 
2023-12-20 14:54:26.6754|Microsoft.AspNetCore.Server.Kestrel.Http2|TRACE|Connection id "0HN0151VN8K16" sending DATA frame for stream ID 9 with length 16384 and flags NONE. 
2023-12-20 14:54:26.6754|Microsoft.AspNetCore.Server.Kestrel.Http2|TRACE|Connection id "0HN0151VN8K16" sending DATA frame for stream ID 9 with length 16384 and flags NONE. 
2023-12-20 14:54:26.7059|Microsoft.AspNetCore.Server.Kestrel.Http2|TRACE|Connection id "0HN0151VN8K16" sending DATA frame for stream ID 7 with length 16384 and flags NONE. 
2023-12-20 14:54:26.7059|Microsoft.AspNetCore.Server.Kestrel.Http2|TRACE|Connection id "0HN0151VN8K16" sending DATA frame for stream ID 7 with length 16384 and flags NONE. 
2023-12-20 14:54:26.7059|Microsoft.AspNetCore.Server.Kestrel.Http2|TRACE|Connection id "0HN0151VN8K16" sending DATA frame for stream ID 7 with length 16384 and flags NONE. 
2023-12-20 14:54:26.7059|Microsoft.AspNetCore.Server.Kestrel.Http2|TRACE|Connection id "0HN0151VN8K16" sending DATA frame for stream ID 7 with length 16384 and flags NONE. 
2023-12-20 14:54:26.7059|Microsoft.AspNetCore.Server.Kestrel.Http2|TRACE|Connection id "0HN0151VN8K16" sending DATA frame for stream ID 9 with length 16384 and flags NONE. 
2023-12-20 14:54:26.7059|Microsoft.AspNetCore.Server.Kestrel.Http2|TRACE|Connection id "0HN0151VN8K16" sending DATA frame for stream ID 9 with length 16384 and flags NONE. 
2023-12-20 14:54:26.7059|Microsoft.AspNetCore.Server.Kestrel.Http2|TRACE|Connection id "0HN0151VN8K16" sending DATA frame for stream ID 9 with length 16384 and flags NONE. 
2023-12-20 14:54:26.7059|Microsoft.AspNetCore.Server.Kestrel.Http2|TRACE|Connection id "0HN0151VN8K16" sending DATA frame for stream ID 9 with length 16384 and flags NONE. 
2023-12-20 14:54:26.7059|Microsoft.AspNetCore.Server.Kestrel.Http2|TRACE|Connection id "0HN0151VN8K16" sending DATA frame for stream ID 9 with length 16384 and flags NONE. 
2023-12-20 14:54:26.7059|Microsoft.AspNetCore.Server.Kestrel.Http2|TRACE|Connection id "0HN0151VN8K16" sending DATA frame for stream ID 9 with length 16384 and flags NONE. 
2023-12-20 14:54:26.7059|Microsoft.AspNetCore.Server.Kestrel.Http2|TRACE|Connection id "0HN0151VN8K16" sending DATA frame for stream ID 9 with length 16384 and flags NONE. 
2023-12-20 14:54:26.7059|Microsoft.AspNetCore.Server.Kestrel.Http2|TRACE|Connection id "0HN0151VN8K16" sending DATA frame for stream ID 9 with length 867 and flags NONE. 
2023-12-20 14:54:26.7059|Microsoft.AspNetCore.Server.Kestrel.Http2|TRACE|Connection id "0HN0151VN8K16" sending DATA frame for stream ID 7 with length 16384 and flags NONE. 
2023-12-20 14:54:26.7059|Microsoft.AspNetCore.Server.Kestrel.Http2|TRACE|Connection id "0HN0151VN8K16" sending DATA frame for stream ID 7 with length 16384 and flags NONE. 
2023-12-20 14:54:26.7059|Microsoft.AspNetCore.StaticFiles.StaticFileMiddleware|INFO|Sending file. Request path: '/swagger-ui-standalone-preset.js'. Physical path: 'N/A' 
2023-12-20 14:54:26.7059|Microsoft.AspNetCore.Server.Kestrel.Http2|TRACE|Connection id "0HN0151VN8K16" sending DATA frame for stream ID 7 with length 16384 and flags NONE. 
2023-12-20 14:54:26.7059|Microsoft.AspNetCore.Server.Kestrel.Http2|TRACE|Connection id "0HN0151VN8K16" sending DATA frame for stream ID 7 with length 16384 and flags NONE. 
2023-12-20 14:54:26.7059|Microsoft.AspNetCore.Server.Kestrel.Http2|TRACE|Connection id "0HN0151VN8K16" sending DATA frame for stream ID 9 with length 0 and flags END_STREAM. 
2023-12-20 14:54:26.7059|Microsoft.AspNetCore.Hosting.Diagnostics|INFO|Request finished HTTP/2 GET https://localhost:7255/swagger/swagger-ui-standalone-preset.js - - - 200 312163 application/javascript 191.9076ms 
2023-12-20 14:54:26.7059|Microsoft.AspNetCore.Server.Kestrel.Http2|TRACE|Connection id "0HN0151VN8K16" sending DATA frame for stream ID 7 with length 16384 and flags NONE. 
2023-12-20 14:54:26.7059|Microsoft.AspNetCore.Server.Kestrel.Http2|TRACE|Connection id "0HN0151VN8K16" sending DATA frame for stream ID 7 with length 16384 and flags NONE. 
2023-12-20 14:54:26.7059|Microsoft.AspNetCore.Server.Kestrel.Http2|TRACE|Connection id "0HN0151VN8K16" sending DATA frame for stream ID 7 with length 16384 and flags NONE. 
2023-12-20 14:54:26.7059|Microsoft.AspNetCore.Server.Kestrel.Http2|TRACE|Connection id "0HN0151VN8K16" sending DATA frame for stream ID 7 with length 16384 and flags NONE. 
2023-12-20 14:54:26.7059|Microsoft.AspNetCore.Server.Kestrel.Http2|TRACE|Connection id "0HN0151VN8K16" sending DATA frame for stream ID 7 with length 16384 and flags NONE. 
2023-12-20 14:54:26.7059|Microsoft.AspNetCore.Server.Kestrel.Http2|TRACE|Connection id "0HN0151VN8K16" sending DATA frame for stream ID 7 with length 16384 and flags NONE. 
2023-12-20 14:54:26.7059|Microsoft.AspNetCore.Server.Kestrel.Http2|TRACE|Connection id "0HN0151VN8K16" sending DATA frame for stream ID 7 with length 16384 and flags NONE. 
2023-12-20 14:54:26.7059|Microsoft.AspNetCore.Server.Kestrel.Http2|TRACE|Connection id "0HN0151VN8K16" sending DATA frame for stream ID 7 with length 16384 and flags NONE. 
2023-12-20 14:54:26.7216|Microsoft.AspNetCore.Server.Kestrel.Http2|TRACE|Connection id "0HN0151VN8K16" sending DATA frame for stream ID 7 with length 16384 and flags NONE. 
2023-12-20 14:54:26.7216|Microsoft.AspNetCore.Server.Kestrel.Http2|TRACE|Connection id "0HN0151VN8K16" sending DATA frame for stream ID 7 with length 16384 and flags NONE. 
2023-12-20 14:54:26.7216|Microsoft.AspNetCore.Server.Kestrel.Http2|TRACE|Connection id "0HN0151VN8K16" sending DATA frame for stream ID 7 with length 16384 and flags NONE. 
2023-12-20 14:54:26.7216|Microsoft.AspNetCore.Server.Kestrel.Http2|TRACE|Connection id "0HN0151VN8K16" sending DATA frame for stream ID 7 with length 16384 and flags NONE. 
2023-12-20 14:54:26.7216|Microsoft.AspNetCore.Server.Kestrel.Http2|TRACE|Connection id "0HN0151VN8K16" sending DATA frame for stream ID 7 with length 16384 and flags NONE. 
2023-12-20 14:54:26.7216|Microsoft.AspNetCore.Server.Kestrel.Http2|TRACE|Connection id "0HN0151VN8K16" sending DATA frame for stream ID 7 with length 16384 and flags NONE. 
2023-12-20 14:54:26.7216|Microsoft.AspNetCore.Server.Kestrel.Http2|TRACE|Connection id "0HN0151VN8K16" sending DATA frame for stream ID 7 with length 16384 and flags NONE. 
2023-12-20 14:54:26.7216|Microsoft.AspNetCore.Server.Kestrel.Http2|TRACE|Connection id "0HN0151VN8K16" sending DATA frame for stream ID 7 with length 16384 and flags NONE. 
2023-12-20 14:54:26.7216|Microsoft.AspNetCore.Server.Kestrel.Http2|TRACE|Connection id "0HN0151VN8K16" sending DATA frame for stream ID 7 with length 16384 and flags NONE. 
2023-12-20 14:54:26.7216|Microsoft.AspNetCore.Server.Kestrel.Http2|TRACE|Connection id "0HN0151VN8K16" sending DATA frame for stream ID 7 with length 16384 and flags NONE. 
2023-12-20 14:54:26.7216|Microsoft.AspNetCore.Server.Kestrel.Http2|TRACE|Connection id "0HN0151VN8K16" sending DATA frame for stream ID 7 with length 16384 and flags NONE. 
2023-12-20 14:54:26.7216|Microsoft.AspNetCore.Server.Kestrel.Http2|TRACE|Connection id "0HN0151VN8K16" sending DATA frame for stream ID 7 with length 16384 and flags NONE. 
2023-12-20 14:54:26.7216|Microsoft.AspNetCore.Server.Kestrel.Http2|TRACE|Connection id "0HN0151VN8K16" sending DATA frame for stream ID 7 with length 16384 and flags NONE. 
2023-12-20 14:54:26.7216|Microsoft.AspNetCore.Server.Kestrel.Http2|TRACE|Connection id "0HN0151VN8K16" sending DATA frame for stream ID 7 with length 16384 and flags NONE. 
2023-12-20 14:54:26.7216|Microsoft.AspNetCore.Server.Kestrel.Http2|TRACE|Connection id "0HN0151VN8K16" sending DATA frame for stream ID 7 with length 16384 and flags NONE. 
2023-12-20 14:54:26.7216|Microsoft.AspNetCore.Server.Kestrel.Http2|TRACE|Connection id "0HN0151VN8K16" sending DATA frame for stream ID 7 with length 16384 and flags NONE. 
2023-12-20 14:54:26.7216|Microsoft.AspNetCore.Server.Kestrel.Http2|TRACE|Connection id "0HN0151VN8K16" sending DATA frame for stream ID 7 with length 16384 and flags NONE. 
2023-12-20 14:54:26.7216|Microsoft.AspNetCore.Server.Kestrel.Http2|TRACE|Connection id "0HN0151VN8K16" sending DATA frame for stream ID 7 with length 16384 and flags NONE. 
2023-12-20 14:54:26.7216|Microsoft.AspNetCore.Server.Kestrel.Http2|TRACE|Connection id "0HN0151VN8K16" sending DATA frame for stream ID 7 with length 16384 and flags NONE. 
2023-12-20 14:54:26.7216|Microsoft.AspNetCore.Server.Kestrel.Http2|TRACE|Connection id "0HN0151VN8K16" sending DATA frame for stream ID 7 with length 16384 and flags NONE. 
2023-12-20 14:54:26.7216|Microsoft.AspNetCore.Server.Kestrel.Http2|TRACE|Connection id "0HN0151VN8K16" sending DATA frame for stream ID 7 with length 16384 and flags NONE. 
2023-12-20 14:54:26.7216|Microsoft.AspNetCore.Server.Kestrel.Http2|TRACE|Connection id "0HN0151VN8K16" sending DATA frame for stream ID 7 with length 16384 and flags NONE. 
2023-12-20 14:54:26.7216|Microsoft.AspNetCore.Server.Kestrel.Http2|TRACE|Connection id "0HN0151VN8K16" sending DATA frame for stream ID 7 with length 16384 and flags NONE. 
2023-12-20 14:54:26.7216|Microsoft.AspNetCore.Server.Kestrel.Http2|TRACE|Connection id "0HN0151VN8K16" sending DATA frame for stream ID 7 with length 16384 and flags NONE. 
2023-12-20 14:54:26.7366|Microsoft.AspNetCore.Server.Kestrel.Http2|TRACE|Connection id "0HN0151VN8K16" sending DATA frame for stream ID 7 with length 16384 and flags NONE. 
2023-12-20 14:54:26.7366|Microsoft.AspNetCore.Server.Kestrel.Http2|TRACE|Connection id "0HN0151VN8K16" sending DATA frame for stream ID 7 with length 16384 and flags NONE. 
2023-12-20 14:54:26.7366|Microsoft.AspNetCore.Server.Kestrel.Http2|TRACE|Connection id "0HN0151VN8K16" sending DATA frame for stream ID 7 with length 16384 and flags NONE. 
2023-12-20 14:54:26.7366|Microsoft.AspNetCore.Server.Kestrel.Http2|TRACE|Connection id "0HN0151VN8K16" sending DATA frame for stream ID 7 with length 16384 and flags NONE. 
2023-12-20 14:54:26.7615|Microsoft.AspNetCore.Server.Kestrel.Http2|TRACE|Connection id "0HN0151VN8K16" sending DATA frame for stream ID 7 with length 16384 and flags NONE. 
2023-12-20 14:54:26.7615|Microsoft.AspNetCore.Server.Kestrel.Http2|TRACE|Connection id "0HN0151VN8K16" sending DATA frame for stream ID 7 with length 16384 and flags NONE. 
2023-12-20 14:54:26.7615|Microsoft.AspNetCore.Server.Kestrel.Http2|TRACE|Connection id "0HN0151VN8K16" sending DATA frame for stream ID 7 with length 16384 and flags NONE. 
2023-12-20 14:54:26.7615|Microsoft.AspNetCore.Server.Kestrel.Http2|TRACE|Connection id "0HN0151VN8K16" sending DATA frame for stream ID 7 with length 16384 and flags NONE. 
2023-12-20 14:54:26.9038|Microsoft.AspNetCore.Server.Kestrel.Http2|TRACE|Connection id "0HN0151VN8K16" sending DATA frame for stream ID 7 with length 16384 and flags NONE. 
2023-12-20 14:54:26.9038|Microsoft.AspNetCore.Server.Kestrel.Http2|TRACE|Connection id "0HN0151VN8K16" sending DATA frame for stream ID 7 with length 16384 and flags NONE. 
2023-12-20 14:54:26.9038|Microsoft.AspNetCore.Server.Kestrel.Http2|TRACE|Connection id "0HN0151VN8K16" sending DATA frame for stream ID 7 with length 16384 and flags NONE. 
2023-12-20 14:54:26.9038|Microsoft.AspNetCore.Server.Kestrel.Http2|TRACE|Connection id "0HN0151VN8K16" sending DATA frame for stream ID 7 with length 16384 and flags NONE. 
2023-12-20 14:54:26.9038|Microsoft.AspNetCore.Server.Kestrel.Http2|TRACE|Connection id "0HN0151VN8K16" sending DATA frame for stream ID 7 with length 12960 and flags NONE. 
2023-12-20 14:54:26.9038|Microsoft.AspNetCore.StaticFiles.StaticFileMiddleware|INFO|Sending file. Request path: '/swagger-ui-bundle.js'. Physical path: 'N/A' 
2023-12-20 14:54:26.9038|Microsoft.AspNetCore.Server.Kestrel.Http2|TRACE|Connection id "0HN0151VN8K16" sending DATA frame for stream ID 7 with length 0 and flags END_STREAM. 
2023-12-20 14:54:26.9038|Microsoft.AspNetCore.Hosting.Diagnostics|INFO|Request finished HTTP/2 GET https://localhost:7255/swagger/swagger-ui-bundle.js - - - 200 1061536 application/javascript 386.9510ms 
2023-12-20 14:54:26.9481|Microsoft.AspNetCore.Server.Kestrel.Http2|TRACE|Connection id "0HN0151VN8K16" sending HEADERS frame for stream ID 13 with length 119 and flags END_HEADERS. 
2023-12-20 14:54:26.9481|Microsoft.AspNetCore.Server.Kestrel.Http2|TRACE|Connection id "0HN0151VN8K16" sending DATA frame for stream ID 13 with length 9986 and flags NONE. 
2023-12-20 14:54:26.9481|Microsoft.AspNetCore.Server.Kestrel.Http2|TRACE|Connection id "0HN0151VN8K16" sending DATA frame for stream ID 13 with length 10240 and flags NONE. 
2023-12-20 14:54:26.9481|Microsoft.AspNetCore.Server.Kestrel.Http2|TRACE|Connection id "0HN0151VN8K16" sending DATA frame for stream ID 13 with length 10240 and flags NONE. 
2023-12-20 14:54:26.9481|Microsoft.AspNetCore.Server.Kestrel.Http2|TRACE|Connection id "0HN0151VN8K16" sending DATA frame for stream ID 13 with length 10240 and flags NONE. 
2023-12-20 14:54:26.9481|Microsoft.AspNetCore.Server.Kestrel.Http2|TRACE|Connection id "0HN0151VN8K16" sending DATA frame for stream ID 13 with length 10240 and flags NONE. 
2023-12-20 14:54:26.9481|Microsoft.AspNetCore.Server.Kestrel.Http2|TRACE|Connection id "0HN0151VN8K16" sending DATA frame for stream ID 13 with length 10240 and flags NONE. 
2023-12-20 14:54:26.9481|Microsoft.AspNetCore.Server.Kestrel.Http2|TRACE|Connection id "0HN0151VN8K16" sending DATA frame for stream ID 13 with length 10240 and flags NONE. 
2023-12-20 14:54:26.9584|Microsoft.AspNetCore.Server.Kestrel.Http2|TRACE|Connection id "0HN0151VN8K16" sending DATA frame for stream ID 13 with length 10240 and flags NONE. 
2023-12-20 14:54:26.9584|Microsoft.AspNetCore.Server.Kestrel.Http2|TRACE|Connection id "0HN0151VN8K16" sending DATA frame for stream ID 13 with length 10240 and flags NONE. 
2023-12-20 14:54:26.9584|Microsoft.AspNetCore.Server.Kestrel.Http2|TRACE|Connection id "0HN0151VN8K16" sending DATA frame for stream ID 13 with length 10240 and flags NONE. 
2023-12-20 14:54:26.9584|Microsoft.AspNetCore.Server.Kestrel.Http2|TRACE|Connection id "0HN0151VN8K16" sending DATA frame for stream ID 13 with length 10240 and flags NONE. 
2023-12-20 14:54:26.9584|Microsoft.AspNetCore.Server.Kestrel.Http2|TRACE|Connection id "0HN0151VN8K16" sending DATA frame for stream ID 13 with length 10240 and flags NONE. 
2023-12-20 14:54:26.9584|Microsoft.AspNetCore.Server.Kestrel.Http2|TRACE|Connection id "0HN0151VN8K16" sending DATA frame for stream ID 13 with length 10240 and flags NONE. 
2023-12-20 14:54:26.9584|Microsoft.AspNetCore.Server.Kestrel.Http2|TRACE|Connection id "0HN0151VN8K16" sending DATA frame for stream ID 13 with length 10240 and flags NONE. 
2023-12-20 14:54:26.9584|Microsoft.AspNetCore.Server.Kestrel.Http2|TRACE|Connection id "0HN0151VN8K16" sending DATA frame for stream ID 13 with length 10240 and flags NONE. 
2023-12-20 14:54:26.9584|Microsoft.AspNetCore.Server.Kestrel.Http2|TRACE|Connection id "0HN0151VN8K16" sending DATA frame for stream ID 13 with length 160 and flags NONE. 
2023-12-20 14:54:26.9584|Microsoft.AspNetCore.Server.Kestrel.Http2|TRACE|Connection id "0HN0151VN8K16" sending DATA frame for stream ID 13 with length 0 and flags END_STREAM. 
2023-12-20 14:54:26.9584|Microsoft.AspNetCore.Hosting.Diagnostics|INFO|Request finished HTTP/2 GET https://localhost:7255/_vs/browserLink - - - 200 - text/javascript;+charset=UTF-8 434.9109ms 
2023-12-20 14:54:27.1634|Microsoft.AspNetCore.Server.Kestrel.Http2|TRACE|Connection id "0HN0151VN8K16" received HEADERS frame for stream ID 15 with length 66 and flags END_STREAM, END_HEADERS, PRIORITY. 
2023-12-20 14:54:27.1634|Microsoft.AspNetCore.Hosting.Diagnostics|INFO|Request starting HTTP/2 GET https://localhost:7255/swagger/v1/swagger.json - - 
2023-12-20 14:54:27.1634|Microsoft.AspNetCore.HostFiltering.HostFilteringMiddleware|TRACE|All hosts are allowed. 
2023-12-20 14:54:27.1634|Microsoft.AspNetCore.Routing.Matching.DfaMatcher|DEBUG|No candidates found for the request path '/swagger/v1/swagger.json' 
2023-12-20 14:54:27.1634|Microsoft.AspNetCore.Routing.EndpointRoutingMiddleware|DEBUG|Request did not match any endpoints 
2023-12-20 14:54:27.1890|Microsoft.AspNetCore.Server.Kestrel.Http2|TRACE|Connection id "0HN0151VN8K16" received HEADERS frame for stream ID 17 with length 96 and flags END_STREAM, END_HEADERS, PRIORITY. 
2023-12-20 14:54:27.1890|Microsoft.AspNetCore.Hosting.Diagnostics|INFO|Request starting HTTP/2 GET https://localhost:7255/swagger/favicon-32x32.png - - 
2023-12-20 14:54:27.1890|Microsoft.AspNetCore.HostFiltering.HostFilteringMiddleware|TRACE|All hosts are allowed. 
2023-12-20 14:54:27.1890|Microsoft.AspNetCore.Routing.Matching.DfaMatcher|DEBUG|No candidates found for the request path '/swagger/favicon-32x32.png' 
2023-12-20 14:54:27.1890|Microsoft.AspNetCore.Routing.EndpointRoutingMiddleware|DEBUG|Request did not match any endpoints 
2023-12-20 14:54:27.1890|Microsoft.AspNetCore.StaticFiles.StaticFileMiddleware|TRACE|Range header's value is empty. 
2023-12-20 14:54:27.1890|Microsoft.AspNetCore.Server.Kestrel.Http2|TRACE|Connection id "0HN0151VN8K16" sending HEADERS frame for stream ID 17 with length 41 and flags END_HEADERS. 
2023-12-20 14:54:27.1890|Microsoft.AspNetCore.Server.Kestrel.Http2|TRACE|Connection id "0HN0151VN8K16" sending DATA frame for stream ID 17 with length 628 and flags NONE. 
2023-12-20 14:54:27.1890|Microsoft.AspNetCore.StaticFiles.StaticFileMiddleware|INFO|Sending file. Request path: '/favicon-32x32.png'. Physical path: 'N/A' 
2023-12-20 14:54:27.1890|Microsoft.AspNetCore.Server.Kestrel.Http2|TRACE|Connection id "0HN0151VN8K16" sending DATA frame for stream ID 17 with length 0 and flags END_STREAM. 
2023-12-20 14:54:27.1890|Microsoft.AspNetCore.Hosting.Diagnostics|INFO|Request finished HTTP/2 GET https://localhost:7255/swagger/favicon-32x32.png - - - 200 628 image/png 0.6201ms 
2023-12-20 14:54:27.4571|Microsoft.AspNetCore.Server.Kestrel.Http2|TRACE|Connection id "0HN0151VN8K16" sending HEADERS frame for stream ID 15 with length 65 and flags END_HEADERS. 
2023-12-20 14:54:27.4571|Microsoft.AspNetCore.Server.Kestrel.Http2|TRACE|Connection id "0HN0151VN8K16" sending DATA frame for stream ID 15 with length 13438 and flags NONE. 
2023-12-20 14:54:27.4571|Microsoft.AspNetCore.Server.Kestrel.Http2|TRACE|Connection id "0HN0151VN8K16" sending DATA frame for stream ID 15 with length 0 and flags END_STREAM. 
2023-12-20 14:54:27.4571|Microsoft.AspNetCore.Hosting.Diagnostics|INFO|Request finished HTTP/2 GET https://localhost:7255/swagger/v1/swagger.json - - - 200 - application/json;charset=utf-8 293.3761ms 
