2023-11-16 00:49:15.9919|Microsoft.AspNetCore.Mvc.ModelBinding.ModelBinderFactory|DEBUG|Registered model binder providers, in the following order: Microsoft.AspNetCore.Mvc.ModelBinding.Binders.BinderTypeModelBinderProvider, Microsoft.AspNetCore.Mvc.ModelBinding.Binders.ServicesModelBinderProvider, Microsoft.AspNetCore.Mvc.ModelBinding.Binders.BodyModelBinderProvider, Microsoft.AspNetCore.Mvc.ModelBinding.Binders.HeaderModelBinderProvider, Microsoft.AspNetCore.Mvc.ModelBinding.Binders.FloatingPointTypeModelBinderProvider, Microsoft.AspNetCore.Mvc.ModelBinding.Binders.EnumTypeModelBinderProvider, Microsoft.AspNetCore.Mvc.ModelBinding.Binders.DateTimeModelBinderProvider, Microsoft.AspNetCore.Mvc.ModelBinding.Binders.SimpleTypeModelBinderProvider, Microsoft.AspNetCore.Mvc.ModelBinding.Binders.CancellationTokenModelBinderProvider, Microsoft.AspNetCore.Mvc.ModelBinding.Binders.ByteArrayModelBinderProvider, Microsoft.AspNetCore.Mvc.ModelBinding.Binders.FormFileModelBinderProvider, Microsoft.AspNetCore.Mvc.ModelBinding.Binders.FormCollectionModelBinderProvider, Microsoft.AspNetCore.Mvc.ModelBinding.Binders.KeyValuePairModelBinderProvider, Microsoft.AspNetCore.Mvc.ModelBinding.Binders.DictionaryModelBinderProvider, Microsoft.AspNetCore.Mvc.ModelBinding.Binders.ArrayModelBinderProvider, Microsoft.AspNetCore.Mvc.ModelBinding.Binders.CollectionModelBinderProvider, Microsoft.AspNetCore.Mvc.ModelBinding.Binders.ComplexObjectModelBinderProvider 
2023-11-16 00:49:16.2428|Microsoft.Extensions.Hosting.Internal.Host|DEBUG|Hosting starting 
2023-11-16 00:49:16.4049|Microsoft.AspNetCore.Hosting.Diagnostics|DEBUG|Loaded hosting startup assembly demo 
2023-11-16 00:49:16.4085|Microsoft.Hosting.Lifetime|INFO|Application started. Press Ctrl+C to shut down. 
2023-11-16 00:49:16.4085|Microsoft.Hosting.Lifetime|INFO|Hosting environment: Production 
2023-11-16 00:49:16.4085|Microsoft.Hosting.Lifetime|INFO|Content root path: E:\C#学习项目\.NET6-Core-WebApi\WebApplic\demo\bin\publish\ 
2023-11-16 00:49:16.4085|Microsoft.Extensions.Hosting.Internal.Host|DEBUG|Hosting started 
2023-11-16 00:49:16.4623|Microsoft.AspNetCore.Hosting.Diagnostics|INFO|Request starting HTTP/1.1 GET http://localhost:6666/api/Text - - 
2023-11-16 00:49:16.4623|Microsoft.AspNetCore.HostFiltering.HostFilteringMiddleware|DEBUG|Wildcard detected, all requests with hosts will be allowed. 
2023-11-16 00:49:16.4623|Microsoft.AspNetCore.HostFiltering.HostFilteringMiddleware|TRACE|All hosts are allowed. 
2023-11-16 00:49:16.4810|Microsoft.AspNetCore.Routing.Matching.DfaMatcher|DEBUG|1 candidate(s) found for the request path '/api/Text' 
2023-11-16 00:49:16.4810|Microsoft.AspNetCore.Routing.Matching.DfaMatcher|DEBUG|Endpoint 'demo.Controllers.TextController.GetPerson (demo)' with route pattern 'api/Text' is valid for the request path '/api/Text' 
2023-11-16 00:49:16.4810|Microsoft.AspNetCore.Routing.EndpointRoutingMiddleware|DEBUG|Request matched endpoint 'demo.Controllers.TextController.GetPerson (demo)' 
2023-11-16 00:49:16.6488|Microsoft.AspNetCore.StaticFiles.StaticFileMiddleware|DEBUG|Static files was skipped as the request already matched an endpoint. 
2023-11-16 00:49:16.6488|Microsoft.AspNetCore.ResponseCaching.ResponseCachingMiddleware|INFO|No cached response available for this request. 
2023-11-16 00:49:16.6884|Microsoft.AspNetCore.HttpsPolicy.HttpsRedirectionMiddleware|WARN|Failed to determine the https port for redirect. 
2023-11-16 00:49:16.6884|Microsoft.AspNetCore.Routing.EndpointMiddleware|INFO|Executing endpoint 'demo.Controllers.TextController.GetPerson (demo)' 
2023-11-16 00:49:16.6884|Microsoft.AspNetCore.Mvc.Infrastructure.ControllerActionInvoker|INFO|Route matched with {action = "GetPerson", controller = "Text"}. Executing controller action with signature demo.Person GetPerson() on controller demo.Controllers.TextController (demo). 
2023-11-16 00:49:16.6884|Microsoft.AspNetCore.Mvc.Infrastructure.ControllerActionInvoker|DEBUG|Execution plan of authorization filters (in the following order): None 
2023-11-16 00:49:16.6884|Microsoft.AspNetCore.Mvc.Infrastructure.ControllerActionInvoker|DEBUG|Execution plan of resource filters (in the following order): demo.Utility.Fliters.CustomResourceFilterAttribute 
2023-11-16 00:49:16.6884|Microsoft.AspNetCore.Mvc.Infrastructure.ControllerActionInvoker|DEBUG|Execution plan of action filters (in the following order): Microsoft.AspNetCore.Mvc.ModelBinding.UnsupportedContentTypeFilter (Order: -3000), Microsoft.AspNetCore.Mvc.Infrastructure.ModelStateInvalidFilter (Order: -2000) 
2023-11-16 00:49:16.6884|Microsoft.AspNetCore.Mvc.Infrastructure.ControllerActionInvoker|DEBUG|Execution plan of exception filters (in the following order): None 
2023-11-16 00:49:16.6884|Microsoft.AspNetCore.Mvc.Infrastructure.ControllerActionInvoker|DEBUG|Execution plan of result filters (in the following order): Microsoft.AspNetCore.Mvc.Infrastructure.ClientErrorResultFilter (Order: -2000) 
2023-11-16 00:49:16.6884|Microsoft.AspNetCore.Mvc.Infrastructure.ControllerActionInvoker|TRACE|Resource Filter: Before executing OnResourceExecuting on filter demo.Utility.Fliters.CustomResourceFilterAttribute. 
2023-11-16 00:49:16.6884|Microsoft.AspNetCore.Mvc.Infrastructure.ControllerActionInvoker|TRACE|Resource Filter: After executing OnResourceExecuting on filter demo.Utility.Fliters.CustomResourceFilterAttribute. 
2023-11-16 00:49:16.6884|Microsoft.AspNetCore.Mvc.Infrastructure.ControllerActionInvoker|DEBUG|Executing controller factory for controller demo.Controllers.TextController (demo) 
2023-11-16 00:49:16.6884|Microsoft.AspNetCore.Mvc.Infrastructure.ControllerActionInvoker|DEBUG|Executed controller factory for controller demo.Controllers.TextController (demo) 
2023-11-16 00:49:16.6884|Microsoft.AspNetCore.Mvc.Infrastructure.ControllerActionInvoker|TRACE|Action Filter: Before executing OnActionExecuting on filter Microsoft.AspNetCore.Mvc.ModelBinding.UnsupportedContentTypeFilter. 
2023-11-16 00:49:16.6884|Microsoft.AspNetCore.Mvc.Infrastructure.ControllerActionInvoker|TRACE|Action Filter: After executing OnActionExecuting on filter Microsoft.AspNetCore.Mvc.ModelBinding.UnsupportedContentTypeFilter. 
2023-11-16 00:49:16.6884|Microsoft.AspNetCore.Mvc.Infrastructure.ControllerActionInvoker|TRACE|Action Filter: Before executing OnActionExecuting on filter Microsoft.AspNetCore.Mvc.Infrastructure.ModelStateInvalidFilter. 
2023-11-16 00:49:16.6884|Microsoft.AspNetCore.Mvc.Infrastructure.ControllerActionInvoker|TRACE|Action Filter: After executing OnActionExecuting on filter Microsoft.AspNetCore.Mvc.Infrastructure.ModelStateInvalidFilter. 
2023-11-16 00:49:16.6884|Microsoft.AspNetCore.Mvc.Infrastructure.ControllerActionInvoker|INFO|Executing action method demo.Controllers.TextController.GetPerson (demo) - Validation state: Valid 
2023-11-16 00:49:16.6884|demo.Controllers.TextController|INFO|错误了？？？？？？？？？？？？？？？？？？？ 
2023-11-16 00:49:16.7029|Microsoft.AspNetCore.Mvc.Infrastructure.ControllerActionInvoker|INFO|Executed action method demo.Controllers.TextController.GetPerson (demo), returned result Microsoft.AspNetCore.Mvc.ObjectResult in 0.91ms. 
2023-11-16 00:49:16.7029|Microsoft.AspNetCore.Mvc.Infrastructure.ControllerActionInvoker|TRACE|Action Filter: Before executing OnActionExecuted on filter Microsoft.AspNetCore.Mvc.Infrastructure.ModelStateInvalidFilter. 
2023-11-16 00:49:16.7029|Microsoft.AspNetCore.Mvc.Infrastructure.ControllerActionInvoker|TRACE|Action Filter: After executing OnActionExecuted on filter Microsoft.AspNetCore.Mvc.Infrastructure.ModelStateInvalidFilter. 
2023-11-16 00:49:16.7029|Microsoft.AspNetCore.Mvc.Infrastructure.ControllerActionInvoker|TRACE|Action Filter: Before executing OnActionExecuted on filter Microsoft.AspNetCore.Mvc.ModelBinding.UnsupportedContentTypeFilter. 
2023-11-16 00:49:16.7029|Microsoft.AspNetCore.Mvc.Infrastructure.ControllerActionInvoker|TRACE|Action Filter: After executing OnActionExecuted on filter Microsoft.AspNetCore.Mvc.ModelBinding.UnsupportedContentTypeFilter. 
2023-11-16 00:49:16.7029|Microsoft.AspNetCore.Mvc.Infrastructure.ControllerActionInvoker|TRACE|Result Filter: Before executing OnResultExecuting on filter Microsoft.AspNetCore.Mvc.Infrastructure.ClientErrorResultFilter. 
2023-11-16 00:49:16.7029|Microsoft.AspNetCore.Mvc.Infrastructure.ControllerActionInvoker|TRACE|Result Filter: After executing OnResultExecuting on filter Microsoft.AspNetCore.Mvc.Infrastructure.ClientErrorResultFilter. 
2023-11-16 00:49:16.7029|Microsoft.AspNetCore.Mvc.Infrastructure.ControllerActionInvoker|TRACE|Before executing action result Microsoft.AspNetCore.Mvc.ObjectResult. 
2023-11-16 00:49:16.7029|Microsoft.AspNetCore.Mvc.Infrastructure.DefaultOutputFormatterSelector|DEBUG|List of registered output formatters, in the following order: Microsoft.AspNetCore.Mvc.Formatters.HttpNoContentOutputFormatter, Microsoft.AspNetCore.Mvc.Formatters.StringOutputFormatter, Microsoft.AspNetCore.Mvc.Formatters.StreamOutputFormatter, Microsoft.AspNetCore.Mvc.Formatters.SystemTextJsonOutputFormatter 
2023-11-16 00:49:16.7029|Microsoft.AspNetCore.Mvc.Infrastructure.DefaultOutputFormatterSelector|DEBUG|No information found on request to perform content negotiation. 
2023-11-16 00:49:16.7029|Microsoft.AspNetCore.Mvc.Infrastructure.DefaultOutputFormatterSelector|DEBUG|Attempting to select an output formatter without using a content type as no explicit content types were specified for the response. 
2023-11-16 00:49:16.7029|Microsoft.AspNetCore.Mvc.Infrastructure.DefaultOutputFormatterSelector|DEBUG|Attempting to select the first formatter in the output formatters list which can write the result. 
2023-11-16 00:49:16.7029|Microsoft.AspNetCore.Mvc.Infrastructure.DefaultOutputFormatterSelector|DEBUG|Selected output formatter 'Microsoft.AspNetCore.Mvc.Formatters.SystemTextJsonOutputFormatter' and content type 'application/json' to write the response. 
2023-11-16 00:49:16.7029|Microsoft.AspNetCore.Mvc.Infrastructure.ObjectResultExecutor|INFO|Executing ObjectResult, writing value of type 'demo.Person'. 
2023-11-16 00:49:16.7029|Microsoft.AspNetCore.ResponseCaching.ResponseCachingMiddleware|DEBUG|Response is not cacheable because it does not contain the 'public' cache directive. 
2023-11-16 00:49:16.7453|Microsoft.AspNetCore.Mvc.Infrastructure.ControllerActionInvoker|TRACE|After executing action result Microsoft.AspNetCore.Mvc.ObjectResult. 
2023-11-16 00:49:16.7453|Microsoft.AspNetCore.Mvc.Infrastructure.ControllerActionInvoker|TRACE|Result Filter: Before executing OnResultExecuted on filter Microsoft.AspNetCore.Mvc.Infrastructure.ClientErrorResultFilter. 
2023-11-16 00:49:16.7453|Microsoft.AspNetCore.Mvc.Infrastructure.ControllerActionInvoker|TRACE|Result Filter: After executing OnResultExecuted on filter Microsoft.AspNetCore.Mvc.Infrastructure.ClientErrorResultFilter. 
2023-11-16 00:49:16.7453|Microsoft.AspNetCore.Mvc.Infrastructure.ControllerActionInvoker|TRACE|Resource Filter: Before executing OnResourceExecuted on filter demo.Utility.Fliters.CustomResourceFilterAttribute. 
2023-11-16 00:49:16.7453|Microsoft.AspNetCore.Mvc.Infrastructure.ControllerActionInvoker|TRACE|Resource Filter: After executing OnResourceExecuted on filter demo.Utility.Fliters.CustomResourceFilterAttribute. 
2023-11-16 00:49:16.7453|Microsoft.AspNetCore.Mvc.Infrastructure.ControllerActionInvoker|INFO|Executed action demo.Controllers.TextController.GetPerson (demo) in 48.9085ms 
2023-11-16 00:49:16.7453|Microsoft.AspNetCore.Routing.EndpointMiddleware|INFO|Executed endpoint 'demo.Controllers.TextController.GetPerson (demo)' 
2023-11-16 00:49:16.7453|Microsoft.AspNetCore.ResponseCaching.ResponseCachingMiddleware|INFO|The response could not be cached for this request. 
2023-11-16 00:49:16.7453|Microsoft.AspNetCore.Hosting.Diagnostics|INFO|Request finished HTTP/1.1 GET http://localhost:6666/api/Text - - - 200 - application/json;+charset=utf-8 288.9016ms 
2023-11-16 00:49:25.8193|Microsoft.Hosting.Lifetime|INFO|Application is shutting down... 
2023-11-16 00:49:25.8193|Microsoft.Extensions.Hosting.Internal.Host|DEBUG|Hosting stopping 
2023-11-16 00:49:25.8193|Microsoft.Extensions.Hosting.Internal.Host|DEBUG|Hosting stopped 
